<?xml version="1.0" encoding="utf-8" standalone="no"?>
<!--This file represents the results of running a test suite-->
<test-results name="C:\Users\Svenn\Desktop\Class\Factorial\Factorial.Tests.Unit\bin\Debug\Factorial.Tests.Unit.dll" total="1" errors="0" failures="0" not-run="0" inconclusive="0" ignored="0" skipped="0" invalid="0" date="2016-03-03" time="02:20:29">
  <environment nunit-version="2.6.4.14350" clr-version="2.0.50727.8670" os-version="Microsoft Windows NT 6.2.9200.0" platform="Win32NT" cwd="C:\Program Files (x86)\NUnit 2.6.4\bin" machine-name="SVENN-KOMPUTER" user="Svenn" user-domain="Svenn-Komputer" />
  <culture-info current-culture="pl-PL" current-uiculture="pl-PL" />
  <test-suite type="Assembly" name="C:\Users\Svenn\Desktop\Class\Factorial\Factorial.Tests.Unit\bin\Debug\Factorial.Tests.Unit.dll" executed="True" result="Success" success="True" time="0.002" asserts="0">
    <results>
      <test-suite type="Namespace" name="Factorial" executed="True" result="Success" success="True" time="0.002" asserts="0">
        <results>
          <test-suite type="Namespace" name="Tests" executed="True" result="Success" success="True" time="0.001" asserts="0">
            <results>
              <test-suite type="TestFixture" name="FactorialTests" executed="True" result="Success" success="True" time="0.001" asserts="0">
                <results>
                  <test-suite type="ParameterizedTest" name="input_four__excepted_twentyfour" executed="True" result="Success" success="True" time="0.001" asserts="0">
                    <results>
                      <test-case name="Factorial.Tests.FactorialTests.input_four__excepted_twentyfour(4)" executed="True" result="Success" success="True" time="0.000" asserts="1" />
                    </results>
                  </test-suite>
                </results>
              </test-suite>
            </results>
          </test-suite>
        </results>
      </test-suite>
    </results>
  </test-suite>
</test-results>